2025-04-29 23:57:59,425 - INFO - Starting posture analysis for sam
2025-04-30 00:02:13,633 - INFO - Starting posture analysis for vbsva
2025-04-30 00:02:43,637 - WARNING - Failed to capture frame
2025-04-30 00:02:43,669 - INFO - Completed posture analysis for vbsva
2025-04-30 00:27:16,253 - INFO - Starting posture analysis for samika.gandhi22@vit.edu
2025-04-30 00:35:30,039 - INFO - Starting posture analysis for missm
2025-04-30 00:45:15,386 - INFO - Starting posture analysis for samu
2025-04-30 00:45:45,396 - WARNING - Failed to capture frame
2025-04-30 00:45:45,429 - INFO - Completed posture analysis for samu
2025-04-30 00:51:27,572 - INFO - Starting posture analysis for sanu
2025-04-30 00:51:57,575 - WARNING - Failed to capture frame
2025-04-30 00:51:57,607 - INFO - Completed posture analysis for sanu
2025-05-01 11:34:13,467 - INFO - Starting posture analysis for dsf
2025-05-01 11:41:23,419 - INFO - Starting posture analysis for aha
2025-05-01 11:41:53,433 - WARNING - Failed to capture frame
2025-05-01 11:41:53,459 - INFO - Completed posture analysis for aha
2025-05-01 11:45:01,896 - INFO - Starting posture analysis for aaaaa
2025-05-01 11:45:31,920 - WARNING - Failed to capture frame
2025-05-01 11:45:31,948 - INFO - Completed posture analysis for aaaaa
2025-05-01 11:56:04,251 - INFO - Starting posture analysis for sd
2025-05-01 11:56:34,284 - WARNING - Failed to capture frame
2025-05-01 11:56:34,339 - INFO - Completed posture analysis for sd
